-------------------------------------------------------------------------------
Test set: com.bits.scalableservices.group23.AppointmentServiceApplicationTests
-------------------------------------------------------------------------------
Tests run: 1, Failures: 0, Errors: 1, Skipped: 0, Time elapsed: 10.26 s <<< FAILURE! - in com.bits.scalableservices.group23.AppointmentServiceApplicationTests
contextLoads  Time elapsed: 0.02 s  <<< ERROR!
java.lang.IllegalStateException: Failed to load ApplicationContext
Caused by: org.springframework.beans.factory.UnsatisfiedDependencyException: Error creating bean with name 'registrationController': Unsatisfied dependency expressed through field 'registrationService'; nested exception is org.springframework.beans.factory.UnsatisfiedDependencyException: Error creating bean with name 'registrationServiceImpl': Unsatisfied dependency expressed through field 'registrationRepo'; nested exception is org.springframework.beans.factory.BeanCreationException: Error creating bean with name 'registrationRepo' defined in com.bits.scalableservices.group23.repo.RegistrationRepo defined in @EnableJpaRepositories declared on JpaRepositoriesRegistrar.EnableJpaRepositoriesConfiguration: Invocation of init method failed; nested exception is org.springframework.data.repository.query.QueryCreationException: Could not create query for public abstract java.util.List com.bits.scalableservices.group23.repo.RegistrationRepo.findAllByRegistrationDateBetweenList(java.time.LocalDate,java.time.LocalDate); Reason: Failed to create query for method public abstract java.util.List com.bits.scalableservices.group23.repo.RegistrationRepo.findAllByRegistrationDateBetweenList(java.time.LocalDate,java.time.LocalDate)! No property 'betweenList' found for type 'LocalDate' Traversed path: Registration.registrationDate.; nested exception is java.lang.IllegalArgumentException: Failed to create query for method public abstract java.util.List com.bits.scalableservices.group23.repo.RegistrationRepo.findAllByRegistrationDateBetweenList(java.time.LocalDate,java.time.LocalDate)! No property 'betweenList' found for type 'LocalDate' Traversed path: Registration.registrationDate.
Caused by: org.springframework.beans.factory.UnsatisfiedDependencyException: Error creating bean with name 'registrationServiceImpl': Unsatisfied dependency expressed through field 'registrationRepo'; nested exception is org.springframework.beans.factory.BeanCreationException: Error creating bean with name 'registrationRepo' defined in com.bits.scalableservices.group23.repo.RegistrationRepo defined in @EnableJpaRepositories declared on JpaRepositoriesRegistrar.EnableJpaRepositoriesConfiguration: Invocation of init method failed; nested exception is org.springframework.data.repository.query.QueryCreationException: Could not create query for public abstract java.util.List com.bits.scalableservices.group23.repo.RegistrationRepo.findAllByRegistrationDateBetweenList(java.time.LocalDate,java.time.LocalDate); Reason: Failed to create query for method public abstract java.util.List com.bits.scalableservices.group23.repo.RegistrationRepo.findAllByRegistrationDateBetweenList(java.time.LocalDate,java.time.LocalDate)! No property 'betweenList' found for type 'LocalDate' Traversed path: Registration.registrationDate.; nested exception is java.lang.IllegalArgumentException: Failed to create query for method public abstract java.util.List com.bits.scalableservices.group23.repo.RegistrationRepo.findAllByRegistrationDateBetweenList(java.time.LocalDate,java.time.LocalDate)! No property 'betweenList' found for type 'LocalDate' Traversed path: Registration.registrationDate.
Caused by: org.springframework.beans.factory.BeanCreationException: Error creating bean with name 'registrationRepo' defined in com.bits.scalableservices.group23.repo.RegistrationRepo defined in @EnableJpaRepositories declared on JpaRepositoriesRegistrar.EnableJpaRepositoriesConfiguration: Invocation of init method failed; nested exception is org.springframework.data.repository.query.QueryCreationException: Could not create query for public abstract java.util.List com.bits.scalableservices.group23.repo.RegistrationRepo.findAllByRegistrationDateBetweenList(java.time.LocalDate,java.time.LocalDate); Reason: Failed to create query for method public abstract java.util.List com.bits.scalableservices.group23.repo.RegistrationRepo.findAllByRegistrationDateBetweenList(java.time.LocalDate,java.time.LocalDate)! No property 'betweenList' found for type 'LocalDate' Traversed path: Registration.registrationDate.; nested exception is java.lang.IllegalArgumentException: Failed to create query for method public abstract java.util.List com.bits.scalableservices.group23.repo.RegistrationRepo.findAllByRegistrationDateBetweenList(java.time.LocalDate,java.time.LocalDate)! No property 'betweenList' found for type 'LocalDate' Traversed path: Registration.registrationDate.
Caused by: org.springframework.data.repository.query.QueryCreationException: Could not create query for public abstract java.util.List com.bits.scalableservices.group23.repo.RegistrationRepo.findAllByRegistrationDateBetweenList(java.time.LocalDate,java.time.LocalDate); Reason: Failed to create query for method public abstract java.util.List com.bits.scalableservices.group23.repo.RegistrationRepo.findAllByRegistrationDateBetweenList(java.time.LocalDate,java.time.LocalDate)! No property 'betweenList' found for type 'LocalDate' Traversed path: Registration.registrationDate.; nested exception is java.lang.IllegalArgumentException: Failed to create query for method public abstract java.util.List com.bits.scalableservices.group23.repo.RegistrationRepo.findAllByRegistrationDateBetweenList(java.time.LocalDate,java.time.LocalDate)! No property 'betweenList' found for type 'LocalDate' Traversed path: Registration.registrationDate.
Caused by: java.lang.IllegalArgumentException: Failed to create query for method public abstract java.util.List com.bits.scalableservices.group23.repo.RegistrationRepo.findAllByRegistrationDateBetweenList(java.time.LocalDate,java.time.LocalDate)! No property 'betweenList' found for type 'LocalDate' Traversed path: Registration.registrationDate.
Caused by: org.springframework.data.mapping.PropertyReferenceException: No property 'betweenList' found for type 'LocalDate' Traversed path: Registration.registrationDate.

